
10월 04, 2017 24:39:29.34 NEW SESSION
10월 04, 2017 24:39:29.34 [3952:6752:1004/003929.330:ERROR:connection.cc(1964)] Passwords sqlite error 2067, errno 0: UNIQUE constraint failed: logins.origin_url, logins.username_element, logins.username_value, logins.password_element, logins.signon_realm, sql: INSERT INTO logins (origin_url, action_url, username_element, username_value, password_element, password_value, submit_element, signon_realm, preferred, date_created, blacklisted_by_user, scheme, password_type, times_used, form_data, date_synced, display_name, icon_url, federation_url, skip_zero_click, generation_upload_status, possible_username_pairs) VALUES (?,?,?,?,?,?,?,?,?,?,?,?,?,?,?,?,?,?,?,?,?,?)
10월 04, 2017 24:39:29.35 [3952:6752:1004/003929.339:ERROR:connection.cc(1964)] Passwords sqlite error 2067, errno 0: UNIQUE constraint failed: logins.origin_url, logins.username_element, logins.username_value, logins.password_element, logins.signon_realm, sql: INSERT INTO logins (origin_url, action_url, username_element, username_value, password_element, password_value, submit_element, signon_realm, preferred, date_created, blacklisted_by_user, scheme, password_type, times_used, form_data, date_synced, display_name, icon_url, federation_url, skip_zero_click, generation_upload_status, possible_username_pairs) VALUES (?,?,?,?,?,?,?,?,?,?,?,?,?,?,?,?,?,?,?,?,?,?)

10월 04, 2017 22:49:48.41 NEW SESSION
10월 04, 2017 22:49:48.41 [6860:11108:1004/224948.407:ERROR:connection.cc(1964)] Passwords sqlite error 2067, errno 0: UNIQUE constraint failed: logins.origin_url, logins.username_element, logins.username_value, logins.password_element, logins.signon_realm, sql: INSERT INTO logins (origin_url, action_url, username_element, username_value, password_element, password_value, submit_element, signon_realm, preferred, date_created, blacklisted_by_user, scheme, password_type, times_used, form_data, date_synced, display_name, icon_url, federation_url, skip_zero_click, generation_upload_status, possible_username_pairs) VALUES (?,?,?,?,?,?,?,?,?,?,?,?,?,?,?,?,?,?,?,?,?,?)
10월 04, 2017 22:49:48.42 [6860:11108:1004/224948.413:ERROR:connection.cc(1964)] Passwords sqlite error 2067, errno 0: UNIQUE constraint failed: logins.origin_url, logins.username_element, logins.username_value, logins.password_element, logins.signon_realm, sql: INSERT INTO logins (origin_url, action_url, username_element, username_value, password_element, password_value, submit_element, signon_realm, preferred, date_created, blacklisted_by_user, scheme, password_type, times_used, form_data, date_synced, display_name, icon_url, federation_url, skip_zero_click, generation_upload_status, possible_username_pairs) VALUES (?,?,?,?,?,?,?,?,?,?,?,?,?,?,?,?,?,?,?,?,?,?)

11월 27, 2017 15:41:21.21 NEW SESSION
11월 27, 2017 15:41:21.21 [15000:12976:1127/154121.213:ERROR:connection_factory_impl.cc(386)] Failed to connect to MCS endpoint with error -106
11월 27, 2017 15:41:21.68 [15000:12976:1127/154121.689:ERROR:connection_factory_impl.cc(386)] Failed to connect to MCS endpoint with error -106

11월 29, 2017 18:40:48.47 NEW SESSION
11월 29, 2017 18:40:48.47 [1884:4200:1129/184048.470:ERROR:ssl_client_socket_impl.cc(1091)] handshake failed; returned -1, SSL error code 1, net_error -101

12월 17, 2017 17:11:59.58 NEW SESSION
12월 17, 2017 17:11:59.58 [11592:964:1217/171159.580:ERROR:process_metrics.cc(105)] NOT IMPLEMENTED
12월 17, 2017 17:11:59.58 [11592:964:1217/171159.580:ERROR:process_metrics.cc(105)] NOT IMPLEMENTED
12월 17, 2017 17:11:59.59 [11592:964:1217/171159.580:ERROR:process_metrics.cc(105)] NOT IMPLEMENTED
12월 17, 2017 17:12:46.56 
12월 17, 2017 17:12:46.57 KLIB_SelfTest return : KLR_OK
12월 17, 2017 17:15:20.77 [3144:3676:1217/171520.773:ERROR:process_metrics.cc(105)] NOT IMPLEMENTED
12월 17, 2017 17:15:20.79 [3144:3676:1217/171520.773:ERROR:process_metrics.cc(105)] NOT IMPLEMENTED
12월 17, 2017 17:15:20.80 [3144:3676:1217/171520.773:ERROR:process_metrics.cc(105)] NOT IMPLEMENTED
12월 17, 2017 17:16:19.43 
12월 17, 2017 17:16:19.44 KLIB_SelfTest return : KLR_OK
12월 17, 2017 17:18:41.09 [8232:9664:1217/171841.098:ERROR:process_metrics.cc(105)] NOT IMPLEMENTED
12월 17, 2017 17:18:41.10 [8232:9664:1217/171841.098:ERROR:process_metrics.cc(105)] NOT IMPLEMENTED
12월 17, 2017 17:18:41.11 [8232:9664:1217/171841.098:ERROR:process_metrics.cc(105)] NOT IMPLEMENTED
12월 17, 2017 17:19:49.41 
12월 17, 2017 17:19:49.43 KLIB_SelfTest return : KLR_OK
12월 17, 2017 17:20:40.25 
12월 17, 2017 17:20:40.26 KLIB_SelfTest return : KLR_OK
12월 17, 2017 19:37:54.68 [11636:13344:1217/193754.685:ERROR:process_metrics.cc(105)] NOT IMPLEMENTED
12월 17, 2017 19:37:54.70 [11636:13344:1217/193754.685:ERROR:process_metrics.cc(105)] NOT IMPLEMENTED
12월 17, 2017 19:37:54.70 [11636:13344:1217/193754.685:ERROR:process_metrics.cc(105)] NOT IMPLEMENTED
12월 17, 2017 19:37:54.71 [11636:13344:1217/193754.685:ERROR:process_metrics.cc(105)] NOT IMPLEMENTED
12월 17, 2017 19:37:54.72 [11636:13344:1217/193754.685:ERROR:process_metrics.cc(105)] NOT IMPLEMENTED
12월 17, 2017 19:37:54.72 [11636:13344:1217/193754.685:ERROR:process_metrics.cc(105)] NOT IMPLEMENTED
12월 17, 2017 19:39:54.68 [11636:13344:1217/193954.686:ERROR:process_metrics.cc(105)] NOT IMPLEMENTED
12월 17, 2017 19:39:54.69 [11636:13344:1217/193954.686:ERROR:process_metrics.cc(105)] NOT IMPLEMENTED
12월 17, 2017 19:39:54.70 [11636:13344:1217/193954.686:ERROR:process_metrics.cc(105)] NOT IMPLEMENTED
12월 17, 2017 19:39:54.71 [11636:13344:1217/193954.686:ERROR:process_metrics.cc(105)] NOT IMPLEMENTED
12월 17, 2017 19:39:54.72 [11636:13344:1217/193954.686:ERROR:process_metrics.cc(105)] NOT IMPLEMENTED
12월 17, 2017 19:39:54.73 [11636:13344:1217/193954.686:ERROR:process_metrics.cc(105)] NOT IMPLEMENTED
12월 17, 2017 19:39:57.90 [11636:13344:1217/193957.904:ERROR:service_manager.cc(157)] Connection InterfaceProviderSpec prevented service: content_renderer from binding interface: blink::mojom::ReportingServiceProxy exposed by: content_browser
12월 17, 2017 19:41:54.68 [11636:13344:1217/194154.687:ERROR:process_metrics.cc(105)] NOT IMPLEMENTED
12월 17, 2017 19:41:54.69 [11636:13344:1217/194154.687:ERROR:process_metrics.cc(105)] NOT IMPLEMENTED
12월 17, 2017 19:41:54.70 [11636:13344:1217/194154.687:ERROR:process_metrics.cc(105)] NOT IMPLEMENTED
12월 17, 2017 19:41:54.71 [11636:13344:1217/194154.687:ERROR:process_metrics.cc(105)] NOT IMPLEMENTED
12월 17, 2017 19:41:54.71 [11636:13344:1217/194154.687:ERROR:process_metrics.cc(105)] NOT IMPLEMENTED
12월 17, 2017 19:43:00.42 [11636:13344:1217/194300.428:ERROR:service_manager.cc(157)] Connection InterfaceProviderSpec prevented service: content_renderer from binding interface: blink::mojom::ReportingServiceProxy exposed by: content_browser
12월 17, 2017 19:43:54.69 [11636:13344:1217/194354.689:ERROR:process_metrics.cc(105)] NOT IMPLEMENTED
12월 17, 2017 19:43:54.69 [11636:13344:1217/194354.689:ERROR:process_metrics.cc(105)] NOT IMPLEMENTED
12월 17, 2017 19:43:54.70 [11636:13344:1217/194354.689:ERROR:process_metrics.cc(105)] NOT IMPLEMENTED
12월 17, 2017 19:43:54.70 [11636:13344:1217/194354.689:ERROR:process_metrics.cc(105)] NOT IMPLEMENTED
12월 17, 2017 19:43:54.70 [11636:13344:1217/194354.689:ERROR:process_metrics.cc(105)] NOT IMPLEMENTED
12월 17, 2017 19:43:54.71 [11636:13344:1217/194354.689:ERROR:process_metrics.cc(105)] NOT IMPLEMENTED
12월 17, 2017 19:45:54.69 [11636:13344:1217/194554.690:ERROR:process_metrics.cc(105)] NOT IMPLEMENTED
12월 17, 2017 19:45:54.69 [11636:13344:1217/194554.690:ERROR:process_metrics.cc(105)] NOT IMPLEMENTED
12월 17, 2017 19:45:54.70 [11636:13344:1217/194554.690:ERROR:process_metrics.cc(105)] NOT IMPLEMENTED
12월 17, 2017 19:45:54.70 [11636:13344:1217/194554.690:ERROR:process_metrics.cc(105)] NOT IMPLEMENTED
12월 17, 2017 19:45:54.71 [11636:13344:1217/194554.690:ERROR:process_metrics.cc(105)] NOT IMPLEMENTED
12월 17, 2017 19:45:54.71 [11636:13344:1217/194554.690:ERROR:process_metrics.cc(105)] NOT IMPLEMENTED
12월 17, 2017 19:47:54.69 [11636:13344:1217/194754.691:ERROR:process_metrics.cc(105)] NOT IMPLEMENTED
12월 17, 2017 19:47:54.69 [11636:13344:1217/194754.691:ERROR:process_metrics.cc(105)] NOT IMPLEMENTED
12월 17, 2017 19:47:54.70 [11636:13344:1217/194754.691:ERROR:process_metrics.cc(105)] NOT IMPLEMENTED
12월 17, 2017 19:47:54.70 [11636:13344:1217/194754.691:ERROR:process_metrics.cc(105)] NOT IMPLEMENTED
12월 17, 2017 19:47:54.71 [11636:13344:1217/194754.691:ERROR:process_metrics.cc(105)] NOT IMPLEMENTED
12월 17, 2017 19:47:54.71 [11636:13344:1217/194754.691:ERROR:process_metrics.cc(105)] NOT IMPLEMENTED
12월 17, 2017 19:47:54.72 [11636:13344:1217/194754.691:ERROR:process_metrics.cc(105)] NOT IMPLEMENTED
12월 17, 2017 19:47:54.72 [11636:13344:1217/194754.691:ERROR:process_metrics.cc(105)] NOT IMPLEMENTED
12월 17, 2017 19:49:54.69 [11636:13344:1217/194954.691:ERROR:process_metrics.cc(105)] NOT IMPLEMENTED
12월 17, 2017 19:49:54.69 [11636:13344:1217/194954.691:ERROR:process_metrics.cc(105)] NOT IMPLEMENTED
12월 17, 2017 19:49:54.70 [11636:13344:1217/194954.691:ERROR:process_metrics.cc(105)] NOT IMPLEMENTED
12월 17, 2017 19:49:54.71 [11636:13344:1217/194954.692:ERROR:process_metrics.cc(105)] NOT IMPLEMENTED
12월 17, 2017 19:49:54.71 [11636:13344:1217/194954.692:ERROR:process_metrics.cc(105)] NOT IMPLEMENTED
12월 17, 2017 19:49:54.72 [11636:13344:1217/194954.692:ERROR:process_metrics.cc(105)] NOT IMPLEMENTED
12월 17, 2017 19:49:54.72 [11636:13344:1217/194954.692:ERROR:process_metrics.cc(105)] NOT IMPLEMENTED
12월 17, 2017 19:49:54.73 [11636:13344:1217/194954.692:ERROR:process_metrics.cc(105)] NOT IMPLEMENTED
12월 17, 2017 19:51:54.69 [11636:13344:1217/195154.693:ERROR:process_metrics.cc(105)] NOT IMPLEMENTED
12월 17, 2017 19:51:54.69 [11636:13344:1217/195154.693:ERROR:process_metrics.cc(105)] NOT IMPLEMENTED
12월 17, 2017 19:51:54.70 [11636:13344:1217/195154.693:ERROR:process_metrics.cc(105)] NOT IMPLEMENTED
12월 17, 2017 19:51:54.70 [11636:13344:1217/195154.693:ERROR:process_metrics.cc(105)] NOT IMPLEMENTED
12월 17, 2017 19:51:54.71 [11636:13344:1217/195154.693:ERROR:process_metrics.cc(105)] NOT IMPLEMENTED
12월 17, 2017 19:51:54.71 [11636:13344:1217/195154.693:ERROR:process_metrics.cc(105)] NOT IMPLEMENTED
12월 17, 2017 19:51:54.71 [11636:13344:1217/195154.693:ERROR:process_metrics.cc(105)] NOT IMPLEMENTED
12월 17, 2017 19:51:54.72 [11636:13344:1217/195154.693:ERROR:process_metrics.cc(105)] NOT IMPLEMENTED
12월 17, 2017 19:53:54.69 [11636:13344:1217/195354.694:ERROR:process_metrics.cc(105)] NOT IMPLEMENTED
12월 17, 2017 19:53:54.71 [11636:13344:1217/195354.695:ERROR:process_metrics.cc(105)] NOT IMPLEMENTED
12월 17, 2017 19:53:54.72 [11636:13344:1217/195354.695:ERROR:process_metrics.cc(105)] NOT IMPLEMENTED
12월 17, 2017 19:53:54.72 [11636:13344:1217/195354.695:ERROR:process_metrics.cc(105)] NOT IMPLEMENTED
12월 17, 2017 19:53:54.73 [11636:13344:1217/195354.695:ERROR:process_metrics.cc(105)] NOT IMPLEMENTED
12월 17, 2017 19:53:54.73 [11636:13344:1217/195354.695:ERROR:process_metrics.cc(105)] NOT IMPLEMENTED
12월 17, 2017 19:53:54.74 [11636:13344:1217/195354.695:ERROR:process_metrics.cc(105)] NOT IMPLEMENTED
12월 17, 2017 19:53:54.74 [11636:13344:1217/195354.695:ERROR:process_metrics.cc(105)] NOT IMPLEMENTED
12월 17, 2017 19:55:54.69 [11636:13344:1217/195554.695:ERROR:process_metrics.cc(105)] NOT IMPLEMENTED
12월 17, 2017 19:55:54.70 [11636:13344:1217/195554.695:ERROR:process_metrics.cc(105)] NOT IMPLEMENTED
12월 17, 2017 19:55:54.70 [11636:13344:1217/195554.695:ERROR:process_metrics.cc(105)] NOT IMPLEMENTED
12월 17, 2017 19:55:54.70 [11636:13344:1217/195554.695:ERROR:process_metrics.cc(105)] NOT IMPLEMENTED
12월 17, 2017 19:55:54.71 [11636:13344:1217/195554.695:ERROR:process_metrics.cc(105)] NOT IMPLEMENTED
12월 17, 2017 19:55:54.71 [11636:13344:1217/195554.695:ERROR:process_metrics.cc(105)] NOT IMPLEMENTED
12월 17, 2017 19:55:54.72 [11636:13344:1217/195554.695:ERROR:process_metrics.cc(105)] NOT IMPLEMENTED
12월 17, 2017 19:55:54.72 [11636:13344:1217/195554.695:ERROR:process_metrics.cc(105)] NOT IMPLEMENTED
12월 17, 2017 19:55:54.73 [11636:13344:1217/195554.695:ERROR:process_metrics.cc(105)] NOT IMPLEMENTED
12월 17, 2017 19:57:54.69 [11636:13344:1217/195754.698:ERROR:process_metrics.cc(105)] NOT IMPLEMENTED
12월 17, 2017 19:57:54.70 [11636:13344:1217/195754.698:ERROR:process_metrics.cc(105)] NOT IMPLEMENTED
12월 17, 2017 19:57:54.70 [11636:13344:1217/195754.698:ERROR:process_metrics.cc(105)] NOT IMPLEMENTED
12월 17, 2017 19:57:54.71 [11636:13344:1217/195754.698:ERROR:process_metrics.cc(105)] NOT IMPLEMENTED
12월 17, 2017 19:57:54.71 [11636:13344:1217/195754.698:ERROR:process_metrics.cc(105)] NOT IMPLEMENTED
12월 17, 2017 19:57:54.72 [11636:13344:1217/195754.698:ERROR:process_metrics.cc(105)] NOT IMPLEMENTED
12월 17, 2017 19:57:54.72 [11636:13344:1217/195754.698:ERROR:process_metrics.cc(105)] NOT IMPLEMENTED
12월 17, 2017 19:57:54.73 [11636:13344:1217/195754.698:ERROR:process_metrics.cc(105)] NOT IMPLEMENTED
12월 17, 2017 19:57:54.73 [11636:13344:1217/195754.698:ERROR:process_metrics.cc(105)] NOT IMPLEMENTED
12월 17, 2017 19:57:54.73 [11636:13344:1217/195754.698:ERROR:process_metrics.cc(105)] NOT IMPLEMENTED
12월 17, 2017 19:59:54.70 [11636:13344:1217/195954.700:ERROR:process_metrics.cc(105)] NOT IMPLEMENTED
12월 17, 2017 19:59:54.70 [11636:13344:1217/195954.700:ERROR:process_metrics.cc(105)] NOT IMPLEMENTED
12월 17, 2017 19:59:54.71 [11636:13344:1217/195954.700:ERROR:process_metrics.cc(105)] NOT IMPLEMENTED
12월 17, 2017 19:59:54.72 [11636:13344:1217/195954.700:ERROR:process_metrics.cc(105)] NOT IMPLEMENTED
12월 17, 2017 19:59:54.72 [11636:13344:1217/195954.700:ERROR:process_metrics.cc(105)] NOT IMPLEMENTED
12월 17, 2017 19:59:54.73 [11636:13344:1217/195954.700:ERROR:process_metrics.cc(105)] NOT IMPLEMENTED
12월 17, 2017 19:59:54.73 [11636:13344:1217/195954.700:ERROR:process_metrics.cc(105)] NOT IMPLEMENTED
12월 17, 2017 19:59:54.74 [11636:13344:1217/195954.700:ERROR:process_metrics.cc(105)] NOT IMPLEMENTED
12월 17, 2017 19:59:54.74 [11636:13344:1217/195954.700:ERROR:process_metrics.cc(105)] NOT IMPLEMENTED
12월 17, 2017 20:01:54.70 [11636:13344:1217/200154.705:ERROR:process_metrics.cc(105)] NOT IMPLEMENTED
12월 17, 2017 20:01:54.71 [11636:13344:1217/200154.705:ERROR:process_metrics.cc(105)] NOT IMPLEMENTED
12월 17, 2017 20:01:54.72 [11636:13344:1217/200154.705:ERROR:process_metrics.cc(105)] NOT IMPLEMENTED
12월 17, 2017 20:01:54.73 [11636:13344:1217/200154.705:ERROR:process_metrics.cc(105)] NOT IMPLEMENTED
12월 17, 2017 20:01:54.73 [11636:13344:1217/200154.705:ERROR:process_metrics.cc(105)] NOT IMPLEMENTED
12월 17, 2017 20:03:54.70 [11636:13344:1217/200354.707:ERROR:process_metrics.cc(105)] NOT IMPLEMENTED
12월 17, 2017 20:03:54.71 [11636:13344:1217/200354.707:ERROR:process_metrics.cc(105)] NOT IMPLEMENTED
12월 17, 2017 20:03:54.72 [11636:13344:1217/200354.707:ERROR:process_metrics.cc(105)] NOT IMPLEMENTED
12월 17, 2017 20:03:54.72 [11636:13344:1217/200354.707:ERROR:process_metrics.cc(105)] NOT IMPLEMENTED
12월 17, 2017 20:03:54.73 [11636:13344:1217/200354.707:ERROR:process_metrics.cc(105)] NOT IMPLEMENTED
12월 17, 2017 20:05:54.70 [11636:13344:1217/200554.708:ERROR:process_metrics.cc(105)] NOT IMPLEMENTED
12월 17, 2017 20:05:54.71 [11636:13344:1217/200554.708:ERROR:process_metrics.cc(105)] NOT IMPLEMENTED
12월 17, 2017 20:05:54.72 [11636:13344:1217/200554.708:ERROR:process_metrics.cc(105)] NOT IMPLEMENTED
12월 17, 2017 20:05:54.72 [11636:13344:1217/200554.708:ERROR:process_metrics.cc(105)] NOT IMPLEMENTED
12월 17, 2017 20:05:54.73 [11636:13344:1217/200554.708:ERROR:process_metrics.cc(105)] NOT IMPLEMENTED
12월 17, 2017 20:05:54.73 [11636:13344:1217/200554.708:ERROR:process_metrics.cc(105)] NOT IMPLEMENTED
12월 17, 2017 20:05:54.74 [11636:13344:1217/200554.708:ERROR:process_metrics.cc(105)] NOT IMPLEMENTED
12월 17, 2017 20:07:54.70 [11636:13344:1217/200754.709:ERROR:process_metrics.cc(105)] NOT IMPLEMENTED
12월 17, 2017 20:07:54.71 [11636:13344:1217/200754.709:ERROR:process_metrics.cc(105)] NOT IMPLEMENTED
12월 17, 2017 20:07:54.72 [11636:13344:1217/200754.709:ERROR:process_metrics.cc(105)] NOT IMPLEMENTED
12월 17, 2017 20:07:54.72 [11636:13344:1217/200754.709:ERROR:process_metrics.cc(105)] NOT IMPLEMENTED
12월 17, 2017 20:07:54.73 [11636:13344:1217/200754.709:ERROR:process_metrics.cc(105)] NOT IMPLEMENTED
12월 17, 2017 20:07:54.73 [11636:13344:1217/200754.709:ERROR:process_metrics.cc(105)] NOT IMPLEMENTED
12월 17, 2017 20:09:54.71 [11636:13344:1217/200954.711:ERROR:process_metrics.cc(105)] NOT IMPLEMENTED
12월 17, 2017 20:09:54.71 [11636:13344:1217/200954.711:ERROR:process_metrics.cc(105)] NOT IMPLEMENTED
12월 17, 2017 20:09:54.72 [11636:13344:1217/200954.711:ERROR:process_metrics.cc(105)] NOT IMPLEMENTED
12월 17, 2017 20:09:54.72 [11636:13344:1217/200954.711:ERROR:process_metrics.cc(105)] NOT IMPLEMENTED
12월 17, 2017 20:09:54.73 [11636:13344:1217/200954.711:ERROR:process_metrics.cc(105)] NOT IMPLEMENTED
12월 17, 2017 20:09:54.73 [11636:13344:1217/200954.711:ERROR:process_metrics.cc(105)] NOT IMPLEMENTED
12월 17, 2017 20:09:54.74 [11636:13344:1217/200954.711:ERROR:process_metrics.cc(105)] NOT IMPLEMENTED
12월 17, 2017 20:11:54.71 [11636:13344:1217/201154.712:ERROR:process_metrics.cc(105)] NOT IMPLEMENTED
12월 17, 2017 20:11:54.71 [11636:13344:1217/201154.712:ERROR:process_metrics.cc(105)] NOT IMPLEMENTED
12월 17, 2017 20:11:54.72 [11636:13344:1217/201154.712:ERROR:process_metrics.cc(105)] NOT IMPLEMENTED
12월 17, 2017 20:11:54.73 [11636:13344:1217/201154.712:ERROR:process_metrics.cc(105)] NOT IMPLEMENTED
12월 17, 2017 20:11:54.73 [11636:13344:1217/201154.712:ERROR:process_metrics.cc(105)] NOT IMPLEMENTED
12월 17, 2017 20:11:54.74 [11636:13344:1217/201154.712:ERROR:process_metrics.cc(105)] NOT IMPLEMENTED
12월 17, 2017 20:13:54.71 [11636:13344:1217/201354.713:ERROR:process_metrics.cc(105)] NOT IMPLEMENTED
12월 17, 2017 20:13:54.71 [11636:13344:1217/201354.713:ERROR:process_metrics.cc(105)] NOT IMPLEMENTED
12월 17, 2017 20:13:54.72 [11636:13344:1217/201354.713:ERROR:process_metrics.cc(105)] NOT IMPLEMENTED
12월 17, 2017 20:13:54.73 [11636:13344:1217/201354.713:ERROR:process_metrics.cc(105)] NOT IMPLEMENTED
12월 17, 2017 20:13:54.73 [11636:13344:1217/201354.713:ERROR:process_metrics.cc(105)] NOT IMPLEMENTED
12월 17, 2017 20:13:54.74 [11636:13344:1217/201354.713:ERROR:process_metrics.cc(105)] NOT IMPLEMENTED
12월 17, 2017 20:13:54.75 [11636:13344:1217/201354.713:ERROR:process_metrics.cc(105)] NOT IMPLEMENTED
12월 17, 2017 20:13:54.75 [11636:13344:1217/201354.713:ERROR:process_metrics.cc(105)] NOT IMPLEMENTED
12월 17, 2017 20:15:54.71 [11636:13344:1217/201554.714:ERROR:process_metrics.cc(105)] NOT IMPLEMENTED
12월 17, 2017 20:15:54.71 [11636:13344:1217/201554.714:ERROR:process_metrics.cc(105)] NOT IMPLEMENTED
12월 17, 2017 20:15:54.72 [11636:13344:1217/201554.714:ERROR:process_metrics.cc(105)] NOT IMPLEMENTED
12월 17, 2017 20:15:54.72 [11636:13344:1217/201554.714:ERROR:process_metrics.cc(105)] NOT IMPLEMENTED
12월 17, 2017 20:15:54.73 [11636:13344:1217/201554.714:ERROR:process_metrics.cc(105)] NOT IMPLEMENTED
12월 17, 2017 20:15:54.73 [11636:13344:1217/201554.714:ERROR:process_metrics.cc(105)] NOT IMPLEMENTED
12월 17, 2017 20:17:54.71 [11636:13344:1217/201754.714:ERROR:process_metrics.cc(105)] NOT IMPLEMENTED
12월 17, 2017 20:17:54.72 [11636:13344:1217/201754.714:ERROR:process_metrics.cc(105)] NOT IMPLEMENTED
12월 17, 2017 20:17:54.72 [11636:13344:1217/201754.714:ERROR:process_metrics.cc(105)] NOT IMPLEMENTED
12월 17, 2017 20:17:54.73 [11636:13344:1217/201754.714:ERROR:process_metrics.cc(105)] NOT IMPLEMENTED
12월 17, 2017 20:17:54.73 [11636:13344:1217/201754.715:ERROR:process_metrics.cc(105)] NOT IMPLEMENTED
12월 17, 2017 20:19:54.71 [11636:13344:1217/201954.716:ERROR:process_metrics.cc(105)] NOT IMPLEMENTED
12월 17, 2017 20:19:54.73 [11636:13344:1217/201954.716:ERROR:process_metrics.cc(105)] NOT IMPLEMENTED
12월 17, 2017 20:19:54.74 [11636:13344:1217/201954.716:ERROR:process_metrics.cc(105)] NOT IMPLEMENTED
12월 17, 2017 20:19:54.74 [11636:13344:1217/201954.716:ERROR:process_metrics.cc(105)] NOT IMPLEMENTED
12월 17, 2017 20:19:54.75 [11636:13344:1217/201954.716:ERROR:process_metrics.cc(105)] NOT IMPLEMENTED
12월 17, 2017 20:19:54.75 [11636:13344:1217/201954.716:ERROR:process_metrics.cc(105)] NOT IMPLEMENTED
12월 17, 2017 20:21:54.71 [11636:13344:1217/202154.717:ERROR:process_metrics.cc(105)] NOT IMPLEMENTED
12월 17, 2017 20:21:54.72 [11636:13344:1217/202154.717:ERROR:process_metrics.cc(105)] NOT IMPLEMENTED
12월 17, 2017 20:21:54.73 [11636:13344:1217/202154.717:ERROR:process_metrics.cc(105)] NOT IMPLEMENTED
12월 17, 2017 20:21:54.74 [11636:13344:1217/202154.717:ERROR:process_metrics.cc(105)] NOT IMPLEMENTED
12월 17, 2017 20:21:54.75 [11636:13344:1217/202154.717:ERROR:process_metrics.cc(105)] NOT IMPLEMENTED
12월 17, 2017 20:21:54.75 [11636:13344:1217/202154.717:ERROR:process_metrics.cc(105)] NOT IMPLEMENTED
12월 17, 2017 20:23:54.71 [11636:13344:1217/202354.718:ERROR:process_metrics.cc(105)] NOT IMPLEMENTED
12월 17, 2017 20:23:54.73 [11636:13344:1217/202354.718:ERROR:process_metrics.cc(105)] NOT IMPLEMENTED
12월 17, 2017 20:23:54.74 [11636:13344:1217/202354.718:ERROR:process_metrics.cc(105)] NOT IMPLEMENTED
12월 17, 2017 20:23:54.74 [11636:13344:1217/202354.718:ERROR:process_metrics.cc(105)] NOT IMPLEMENTED
12월 17, 2017 20:23:54.75 [11636:13344:1217/202354.718:ERROR:process_metrics.cc(105)] NOT IMPLEMENTED
12월 17, 2017 20:23:54.75 [11636:13344:1217/202354.718:ERROR:process_metrics.cc(105)] NOT IMPLEMENTED
12월 17, 2017 20:25:54.72 [11636:13344:1217/202554.720:ERROR:process_metrics.cc(105)] NOT IMPLEMENTED
12월 17, 2017 20:25:54.72 [11636:13344:1217/202554.720:ERROR:process_metrics.cc(105)] NOT IMPLEMENTED
12월 17, 2017 20:25:54.72 [11636:13344:1217/202554.720:ERROR:process_metrics.cc(105)] NOT IMPLEMENTED
12월 17, 2017 20:25:54.73 [11636:13344:1217/202554.720:ERROR:process_metrics.cc(105)] NOT IMPLEMENTED
12월 17, 2017 20:25:54.73 [11636:13344:1217/202554.720:ERROR:process_metrics.cc(105)] NOT IMPLEMENTED
12월 17, 2017 20:25:54.74 [11636:13344:1217/202554.720:ERROR:process_metrics.cc(105)] NOT IMPLEMENTED
12월 17, 2017 20:27:54.72 [11636:13344:1217/202754.721:ERROR:process_metrics.cc(105)] NOT IMPLEMENTED
12월 17, 2017 20:27:54.72 [11636:13344:1217/202754.721:ERROR:process_metrics.cc(105)] NOT IMPLEMENTED
12월 17, 2017 20:27:54.73 [11636:13344:1217/202754.721:ERROR:process_metrics.cc(105)] NOT IMPLEMENTED
12월 17, 2017 20:27:54.73 [11636:13344:1217/202754.721:ERROR:process_metrics.cc(105)] NOT IMPLEMENTED
12월 17, 2017 20:27:54.74 [11636:13344:1217/202754.721:ERROR:process_metrics.cc(105)] NOT IMPLEMENTED
12월 17, 2017 20:27:54.74 [11636:13344:1217/202754.721:ERROR:process_metrics.cc(105)] NOT IMPLEMENTED
12월 17, 2017 20:27:54.75 [11636:13344:1217/202754.721:ERROR:process_metrics.cc(105)] NOT IMPLEMENTED
12월 17, 2017 20:27:54.75 [11636:13344:1217/202754.721:ERROR:process_metrics.cc(105)] NOT IMPLEMENTED
12월 17, 2017 20:29:54.72 [11636:13344:1217/202954.722:ERROR:process_metrics.cc(105)] NOT IMPLEMENTED
12월 17, 2017 20:29:54.72 [11636:13344:1217/202954.722:ERROR:process_metrics.cc(105)] NOT IMPLEMENTED
12월 17, 2017 20:29:54.73 [11636:13344:1217/202954.722:ERROR:process_metrics.cc(105)] NOT IMPLEMENTED
12월 17, 2017 20:29:54.73 [11636:13344:1217/202954.722:ERROR:process_metrics.cc(105)] NOT IMPLEMENTED
12월 17, 2017 20:29:54.74 [11636:13344:1217/202954.722:ERROR:process_metrics.cc(105)] NOT IMPLEMENTED
12월 17, 2017 20:29:54.74 [11636:13344:1217/202954.722:ERROR:process_metrics.cc(105)] NOT IMPLEMENTED
12월 17, 2017 20:29:54.75 [11636:13344:1217/202954.722:ERROR:process_metrics.cc(105)] NOT IMPLEMENTED
12월 17, 2017 20:31:54.72 [11636:13344:1217/203154.723:ERROR:process_metrics.cc(105)] NOT IMPLEMENTED
12월 17, 2017 20:31:54.72 [11636:13344:1217/203154.723:ERROR:process_metrics.cc(105)] NOT IMPLEMENTED
12월 17, 2017 20:31:54.73 [11636:13344:1217/203154.723:ERROR:process_metrics.cc(105)] NOT IMPLEMENTED
12월 17, 2017 20:31:54.73 [11636:13344:1217/203154.723:ERROR:process_metrics.cc(105)] NOT IMPLEMENTED
12월 17, 2017 20:31:54.74 [11636:13344:1217/203154.723:ERROR:process_metrics.cc(105)] NOT IMPLEMENTED
12월 17, 2017 20:31:54.75 [11636:13344:1217/203154.723:ERROR:process_metrics.cc(105)] NOT IMPLEMENTED
12월 17, 2017 20:31:54.75 [11636:13344:1217/203154.723:ERROR:process_metrics.cc(105)] NOT IMPLEMENTED
12월 17, 2017 20:33:04.47 
12월 17, 2017 20:33:04.49 KLIB_SelfTest return : KLR_OK

3월 11, 2018 10:10:19.71 NEW SESSION
3월 11, 2018 10:10:19.71 
3월 11, 2018 10:10:19.71 KLIB_SelfTest return : KLR_OK

3월 25, 2018 19:17:58.80 NEW SESSION
3월 25, 2018 19:17:58.80 [8472:10836:0325/191758.798:ERROR:in_progress_cache_impl.cc(93)] Could not read download entries from file because there was a read failure.
3월 25, 2018 19:18:00.90 [8472:6632:0325/191800.902:ERROR:gpu_process_transport_factory.cc(1019)] Lost UI shared context.
3월 25, 2018 20:33:30.32 
3월 25, 2018 20:33:30.32 KLIB_SelfTest return : KLR_OK
3월 25, 2018 20:33:58.86 [2156:9348:0325/203358.866:ERROR:in_progress_cache_impl.cc(93)] Could not read download entries from file because there was a read failure.
3월 25, 2018 20:34:01.06 [2156:8724:0325/203401.061:ERROR:in_progress_cache_impl.cc(189)] Cache is not initialized, cannot RetrieveEntry.
3월 25, 2018 20:34:01.07 [2156:8724:0325/203401.062:ERROR:in_progress_cache_impl.cc(189)] Cache is not initialized, cannot RetrieveEntry.
3월 25, 2018 20:34:01.08 [2156:8724:0325/203401.062:ERROR:in_progress_cache_impl.cc(189)] Cache is not initialized, cannot RetrieveEntry.
3월 25, 2018 20:34:01.09 [2156:8724:0325/203401.062:ERROR:in_progress_cache_impl.cc(189)] Cache is not initialized, cannot RetrieveEntry.
3월 25, 2018 20:34:01.09 [2156:8724:0325/203401.062:ERROR:in_progress_cache_impl.cc(189)] Cache is not initialized, cannot RetrieveEntry.
3월 25, 2018 20:34:01.10 [2156:8724:0325/203401.062:ERROR:in_progress_cache_impl.cc(189)] Cache is not initialized, cannot RetrieveEntry.
3월 25, 2018 20:34:01.12 [2156:8724:0325/203401.062:ERROR:in_progress_cache_impl.cc(189)] Cache is not initialized, cannot RetrieveEntry.
3월 25, 2018 20:34:01.13 [2156:8724:0325/203401.062:ERROR:in_progress_cache_impl.cc(189)] Cache is not initialized, cannot RetrieveEntry.
3월 25, 2018 20:34:01.15 [2156:8724:0325/203401.062:ERROR:in_progress_cache_impl.cc(189)] Cache is not initialized, cannot RetrieveEntry.
3월 25, 2018 20:34:01.17 [2156:8724:0325/203401.062:ERROR:in_progress_cache_impl.cc(189)] Cache is not initialized, cannot RetrieveEntry.
3월 25, 2018 20:34:01.19 [2156:8724:0325/203401.062:ERROR:in_progress_cache_impl.cc(189)] Cache is not initialized, cannot RetrieveEntry.
3월 25, 2018 20:34:01.22 [2156:8724:0325/203401.062:ERROR:in_progress_cache_impl.cc(189)] Cache is not initialized, cannot RetrieveEntry.
3월 25, 2018 20:34:01.23 [2156:8724:0325/203401.062:ERROR:in_progress_cache_impl.cc(189)] Cache is not initialized, cannot RetrieveEntry.
3월 25, 2018 20:34:01.25 [2156:8724:0325/203401.062:ERROR:in_progress_cache_impl.cc(189)] Cache is not initialized, cannot RetrieveEntry.
3월 25, 2018 20:34:01.27 [2156:8724:0325/203401.062:ERROR:in_progress_cache_impl.cc(189)] Cache is not initialized, cannot RetrieveEntry.
3월 25, 2018 20:34:01.28 [2156:8724:0325/203401.062:ERROR:in_progress_cache_impl.cc(189)] Cache is not initialized, cannot RetrieveEntry.
3월 25, 2018 20:34:01.29 [2156:8724:0325/203401.062:ERROR:in_progress_cache_impl.cc(189)] Cache is not initialized, cannot RetrieveEntry.
3월 25, 2018 20:34:01.30 [2156:8724:0325/203401.062:ERROR:in_progress_cache_impl.cc(189)] Cache is not initialized, cannot RetrieveEntry.
3월 25, 2018 20:34:01.32 [2156:8724:0325/203401.062:ERROR:in_progress_cache_impl.cc(189)] Cache is not initialized, cannot RetrieveEntry.
3월 25, 2018 20:34:01.33 [2156:8724:0325/203401.062:ERROR:in_progress_cache_impl.cc(189)] Cache is not initialized, cannot RetrieveEntry.
3월 25, 2018 20:34:01.35 [2156:8724:0325/203401.062:ERROR:in_progress_cache_impl.cc(189)] Cache is not initialized, cannot RetrieveEntry.
3월 25, 2018 20:34:01.37 [2156:8724:0325/203401.062:ERROR:in_progress_cache_impl.cc(189)] Cache is not initialized, cannot RetrieveEntry.
3월 25, 2018 20:34:01.39 [2156:8724:0325/203401.062:ERROR:in_progress_cache_impl.cc(189)] Cache is not initialized, cannot RetrieveEntry.
3월 25, 2018 20:34:01.42 [2156:8724:0325/203401.062:ERROR:in_progress_cache_impl.cc(189)] Cache is not initialized, cannot RetrieveEntry.
3월 25, 2018 20:34:01.60 [2156:8724:0325/203401.607:ERROR:gpu_process_transport_factory.cc(1019)] Lost UI shared context.
3월 25, 2018 20:35:23.05 
3월 25, 2018 20:35:23.07 KLIB_SelfTest return : KLR_OK
3월 25, 2018 20:35:41.01 [3068:10528:0325/203541.016:ERROR:in_progress_cache_impl.cc(93)] Could not read download entries from file because there was a read failure.
3월 25, 2018 20:35:42.98 [3068:12784:0325/203542.982:ERROR:in_progress_cache_impl.cc(189)] Cache is not initialized, cannot RetrieveEntry.
3월 25, 2018 20:35:42.98 [3068:12784:0325/203542.982:ERROR:in_progress_cache_impl.cc(189)] Cache is not initialized, cannot RetrieveEntry.
3월 25, 2018 20:35:42.99 [3068:12784:0325/203542.982:ERROR:in_progress_cache_impl.cc(189)] Cache is not initialized, cannot RetrieveEntry.
3월 25, 2018 20:35:42.99 [3068:12784:0325/203542.982:ERROR:in_progress_cache_impl.cc(189)] Cache is not initialized, cannot RetrieveEntry.
3월 25, 2018 20:35:43.01 [3068:12784:0325/203542.982:ERROR:in_progress_cache_impl.cc(189)] Cache is not initialized, cannot RetrieveEntry.
3월 25, 2018 20:35:43.02 [3068:12784:0325/203542.982:ERROR:in_progress_cache_impl.cc(189)] Cache is not initialized, cannot RetrieveEntry.
3월 25, 2018 20:35:43.02 [3068:12784:0325/203542.982:ERROR:in_progress_cache_impl.cc(189)] Cache is not initialized, cannot RetrieveEntry.
3월 25, 2018 20:35:43.03 [3068:12784:0325/203542.982:ERROR:in_progress_cache_impl.cc(189)] Cache is not initialized, cannot RetrieveEntry.
3월 25, 2018 20:35:43.04 [3068:12784:0325/203542.982:ERROR:in_progress_cache_impl.cc(189)] Cache is not initialized, cannot RetrieveEntry.
3월 25, 2018 20:35:43.05 [3068:12784:0325/203542.982:ERROR:in_progress_cache_impl.cc(189)] Cache is not initialized, cannot RetrieveEntry.
3월 25, 2018 20:35:43.06 [3068:12784:0325/203542.982:ERROR:in_progress_cache_impl.cc(189)] Cache is not initialized, cannot RetrieveEntry.
3월 25, 2018 20:35:43.06 [3068:12784:0325/203542.982:ERROR:in_progress_cache_impl.cc(189)] Cache is not initialized, cannot RetrieveEntry.
3월 25, 2018 20:35:43.07 [3068:12784:0325/203542.982:ERROR:in_progress_cache_impl.cc(189)] Cache is not initialized, cannot RetrieveEntry.
3월 25, 2018 20:35:43.08 [3068:12784:0325/203542.982:ERROR:in_progress_cache_impl.cc(189)] Cache is not initialized, cannot RetrieveEntry.
3월 25, 2018 20:35:43.09 [3068:12784:0325/203542.982:ERROR:in_progress_cache_impl.cc(189)] Cache is not initialized, cannot RetrieveEntry.
3월 25, 2018 20:35:43.09 [3068:12784:0325/203542.982:ERROR:in_progress_cache_impl.cc(189)] Cache is not initialized, cannot RetrieveEntry.
3월 25, 2018 20:35:43.11 [3068:12784:0325/203542.982:ERROR:in_progress_cache_impl.cc(189)] Cache is not initialized, cannot RetrieveEntry.
3월 25, 2018 20:35:43.11 [3068:12784:0325/203543.001:ERROR:in_progress_cache_impl.cc(189)] Cache is not initialized, cannot RetrieveEntry.
3월 25, 2018 20:35:43.12 [3068:12784:0325/203543.001:ERROR:in_progress_cache_impl.cc(189)] Cache is not initialized, cannot RetrieveEntry.
3월 25, 2018 20:35:43.13 [3068:12784:0325/203543.002:ERROR:in_progress_cache_impl.cc(189)] Cache is not initialized, cannot RetrieveEntry.
3월 25, 2018 20:35:43.14 [3068:12784:0325/203543.002:ERROR:in_progress_cache_impl.cc(189)] Cache is not initialized, cannot RetrieveEntry.
3월 25, 2018 20:35:43.14 [3068:12784:0325/203543.002:ERROR:in_progress_cache_impl.cc(189)] Cache is not initialized, cannot RetrieveEntry.
3월 25, 2018 20:35:43.15 [3068:12784:0325/203543.002:ERROR:in_progress_cache_impl.cc(189)] Cache is not initialized, cannot RetrieveEntry.
3월 25, 2018 20:35:43.16 [3068:12784:0325/203543.002:ERROR:in_progress_cache_impl.cc(189)] Cache is not initialized, cannot RetrieveEntry.
3월 25, 2018 20:35:43.23 [3068:12784:0325/203543.233:ERROR:gpu_process_transport_factory.cc(1019)] Lost UI shared context.
3월 25, 2018 20:55:13.46 
3월 25, 2018 20:55:13.47 KLIB_SelfTest return : KLR_OK
3월 25, 2018 20:55:28.39 [13032:10096:0325/205528.397:ERROR:in_progress_cache_impl.cc(93)] Could not read download entries from file because there was a read failure.
3월 25, 2018 20:55:29.89 [13032:5000:0325/205529.894:ERROR:in_progress_cache_impl.cc(189)] Cache is not initialized, cannot RetrieveEntry.
3월 25, 2018 20:55:29.90 [13032:5000:0325/205529.894:ERROR:in_progress_cache_impl.cc(189)] Cache is not initialized, cannot RetrieveEntry.
3월 25, 2018 20:55:29.90 [13032:5000:0325/205529.894:ERROR:in_progress_cache_impl.cc(189)] Cache is not initialized, cannot RetrieveEntry.
3월 25, 2018 20:55:29.91 [13032:5000:0325/205529.894:ERROR:in_progress_cache_impl.cc(189)] Cache is not initialized, cannot RetrieveEntry.
3월 25, 2018 20:55:29.91 [13032:5000:0325/205529.894:ERROR:in_progress_cache_impl.cc(189)] Cache is not initialized, cannot RetrieveEntry.
3월 25, 2018 20:55:29.92 [13032:5000:0325/205529.894:ERROR:in_progress_cache_impl.cc(189)] Cache is not initialized, cannot RetrieveEntry.
3월 25, 2018 20:55:29.92 [13032:5000:0325/205529.894:ERROR:in_progress_cache_impl.cc(189)] Cache is not initialized, cannot RetrieveEntry.
3월 25, 2018 20:55:29.93 [13032:5000:0325/205529.908:ERROR:in_progress_cache_impl.cc(189)] Cache is not initialized, cannot RetrieveEntry.
3월 25, 2018 20:55:29.93 [13032:5000:0325/205529.908:ERROR:in_progress_cache_impl.cc(189)] Cache is not initialized, cannot RetrieveEntry.
3월 25, 2018 20:55:29.94 [13032:5000:0325/205529.908:ERROR:in_progress_cache_impl.cc(189)] Cache is not initialized, cannot RetrieveEntry.
3월 25, 2018 20:55:29.95 [13032:5000:0325/205529.908:ERROR:in_progress_cache_impl.cc(189)] Cache is not initialized, cannot RetrieveEntry.
3월 25, 2018 20:55:29.95 [13032:5000:0325/205529.908:ERROR:in_progress_cache_impl.cc(189)] Cache is not initialized, cannot RetrieveEntry.
3월 25, 2018 20:55:29.96 [13032:5000:0325/205529.908:ERROR:in_progress_cache_impl.cc(189)] Cache is not initialized, cannot RetrieveEntry.
3월 25, 2018 20:55:29.97 [13032:5000:0325/205529.908:ERROR:in_progress_cache_impl.cc(189)] Cache is not initialized, cannot RetrieveEntry.
3월 25, 2018 20:55:29.97 [13032:5000:0325/205529.908:ERROR:in_progress_cache_impl.cc(189)] Cache is not initialized, cannot RetrieveEntry.
3월 25, 2018 20:55:29.98 [13032:5000:0325/205529.908:ERROR:in_progress_cache_impl.cc(189)] Cache is not initialized, cannot RetrieveEntry.
3월 25, 2018 20:55:29.98 [13032:5000:0325/205529.908:ERROR:in_progress_cache_impl.cc(189)] Cache is not initialized, cannot RetrieveEntry.
3월 25, 2018 20:55:29.99 [13032:5000:0325/205529.908:ERROR:in_progress_cache_impl.cc(189)] Cache is not initialized, cannot RetrieveEntry.
3월 25, 2018 20:55:30.00 [13032:5000:0325/205529.908:ERROR:in_progress_cache_impl.cc(189)] Cache is not initialized, cannot RetrieveEntry.
3월 25, 2018 20:55:30.00 [13032:5000:0325/205529.908:ERROR:in_progress_cache_impl.cc(189)] Cache is not initialized, cannot RetrieveEntry.
3월 25, 2018 20:55:30.01 [13032:5000:0325/205529.908:ERROR:in_progress_cache_impl.cc(189)] Cache is not initialized, cannot RetrieveEntry.
3월 25, 2018 20:55:30.06 [13032:5000:0325/205529.908:ERROR:in_progress_cache_impl.cc(189)] Cache is not initialized, cannot RetrieveEntry.
3월 25, 2018 20:55:30.07 [13032:5000:0325/205529.908:ERROR:in_progress_cache_impl.cc(189)] Cache is not initialized, cannot RetrieveEntry.
3월 25, 2018 20:55:30.08 [13032:5000:0325/205529.908:ERROR:in_progress_cache_impl.cc(189)] Cache is not initialized, cannot RetrieveEntry.
3월 25, 2018 20:55:30.08 [13032:5000:0325/205529.964:ERROR:gpu_process_transport_factory.cc(1019)] Lost UI shared context.
3월 25, 2018 20:55:42.49 [13032:11732:0325/205542.490:ERROR:ssl_client_socket_impl.cc(1147)] handshake failed; returned -1, SSL error code 1, net_error -100
3월 25, 2018 20:55:42.78 [13032:11732:0325/205542.779:ERROR:connection_factory_impl.cc(379)] Failed to connect to MCS endpoint with error -175
3월 25, 2018 21:02:02.57 
3월 25, 2018 21:02:02.58 KLIB_SelfTest return : KLR_OK
3월 25, 2018 21:02:32.61 [2020:12172:0325/210232.616:ERROR:in_progress_cache_impl.cc(93)] Could not read download entries from file because there was a read failure.
3월 25, 2018 21:02:34.38 [2020:12212:0325/210234.388:ERROR:in_progress_cache_impl.cc(189)] Cache is not initialized, cannot RetrieveEntry.
3월 25, 2018 21:02:34.39 [2020:12212:0325/210234.388:ERROR:in_progress_cache_impl.cc(189)] Cache is not initialized, cannot RetrieveEntry.
3월 25, 2018 21:02:34.40 [2020:12212:0325/210234.388:ERROR:in_progress_cache_impl.cc(189)] Cache is not initialized, cannot RetrieveEntry.
3월 25, 2018 21:02:34.41 [2020:12212:0325/210234.388:ERROR:in_progress_cache_impl.cc(189)] Cache is not initialized, cannot RetrieveEntry.
3월 25, 2018 21:02:34.41 [2020:12212:0325/210234.388:ERROR:in_progress_cache_impl.cc(189)] Cache is not initialized, cannot RetrieveEntry.
3월 25, 2018 21:02:34.42 [2020:12212:0325/210234.388:ERROR:in_progress_cache_impl.cc(189)] Cache is not initialized, cannot RetrieveEntry.
3월 25, 2018 21:02:34.43 [2020:12212:0325/210234.388:ERROR:in_progress_cache_impl.cc(189)] Cache is not initialized, cannot RetrieveEntry.
3월 25, 2018 21:02:34.43 [2020:12212:0325/210234.388:ERROR:in_progress_cache_impl.cc(189)] Cache is not initialized, cannot RetrieveEntry.
3월 25, 2018 21:02:34.44 [2020:12212:0325/210234.388:ERROR:in_progress_cache_impl.cc(189)] Cache is not initialized, cannot RetrieveEntry.
3월 25, 2018 21:02:34.45 [2020:12212:0325/210234.388:ERROR:in_progress_cache_impl.cc(189)] Cache is not initialized, cannot RetrieveEntry.
3월 25, 2018 21:02:34.46 [2020:12212:0325/210234.388:ERROR:in_progress_cache_impl.cc(189)] Cache is not initialized, cannot RetrieveEntry.
3월 25, 2018 21:02:34.47 [2020:12212:0325/210234.388:ERROR:in_progress_cache_impl.cc(189)] Cache is not initialized, cannot RetrieveEntry.
3월 25, 2018 21:02:34.47 [2020:12212:0325/210234.388:ERROR:in_progress_cache_impl.cc(189)] Cache is not initialized, cannot RetrieveEntry.
3월 25, 2018 21:02:34.48 [2020:12212:0325/210234.388:ERROR:in_progress_cache_impl.cc(189)] Cache is not initialized, cannot RetrieveEntry.
3월 25, 2018 21:02:34.48 [2020:12212:0325/210234.388:ERROR:in_progress_cache_impl.cc(189)] Cache is not initialized, cannot RetrieveEntry.
3월 25, 2018 21:02:34.50 [2020:12212:0325/210234.389:ERROR:in_progress_cache_impl.cc(189)] Cache is not initialized, cannot RetrieveEntry.
3월 25, 2018 21:02:34.50 [2020:12212:0325/210234.389:ERROR:in_progress_cache_impl.cc(189)] Cache is not initialized, cannot RetrieveEntry.
3월 25, 2018 21:02:34.51 [2020:12212:0325/210234.389:ERROR:in_progress_cache_impl.cc(189)] Cache is not initialized, cannot RetrieveEntry.
3월 25, 2018 21:02:34.52 [2020:12212:0325/210234.389:ERROR:in_progress_cache_impl.cc(189)] Cache is not initialized, cannot RetrieveEntry.
3월 25, 2018 21:02:34.53 [2020:12212:0325/210234.389:ERROR:in_progress_cache_impl.cc(189)] Cache is not initialized, cannot RetrieveEntry.
3월 25, 2018 21:02:34.53 [2020:12212:0325/210234.389:ERROR:in_progress_cache_impl.cc(189)] Cache is not initialized, cannot RetrieveEntry.
3월 25, 2018 21:02:34.55 [2020:12212:0325/210234.389:ERROR:in_progress_cache_impl.cc(189)] Cache is not initialized, cannot RetrieveEntry.
3월 25, 2018 21:02:34.55 [2020:12212:0325/210234.389:ERROR:in_progress_cache_impl.cc(189)] Cache is not initialized, cannot RetrieveEntry.
3월 25, 2018 21:02:34.56 [2020:12212:0325/210234.389:ERROR:in_progress_cache_impl.cc(189)] Cache is not initialized, cannot RetrieveEntry.
3월 25, 2018 21:02:34.57 [2020:12212:0325/210234.543:ERROR:gpu_process_transport_factory.cc(1019)] Lost UI shared context.
3월 25, 2018 21:06:46.14 
3월 25, 2018 21:06:46.15 KLIB_SelfTest return : KLR_OK
3월 25, 2018 21:07:13.84 [1020:4528:0325/210713.849:ERROR:in_progress_cache_impl.cc(93)] Could not read download entries from file because there was a read failure.
3월 25, 2018 21:07:15.40 [1020:11500:0325/210715.401:ERROR:in_progress_cache_impl.cc(189)] Cache is not initialized, cannot RetrieveEntry.
3월 25, 2018 21:07:15.40 [1020:11500:0325/210715.402:ERROR:in_progress_cache_impl.cc(189)] Cache is not initialized, cannot RetrieveEntry.
3월 25, 2018 21:07:15.41 [1020:11500:0325/210715.402:ERROR:in_progress_cache_impl.cc(189)] Cache is not initialized, cannot RetrieveEntry.
3월 25, 2018 21:07:15.41 [1020:11500:0325/210715.402:ERROR:in_progress_cache_impl.cc(189)] Cache is not initialized, cannot RetrieveEntry.
3월 25, 2018 21:07:15.42 [1020:11500:0325/210715.402:ERROR:in_progress_cache_impl.cc(189)] Cache is not initialized, cannot RetrieveEntry.
3월 25, 2018 21:07:15.43 [1020:11500:0325/210715.402:ERROR:in_progress_cache_impl.cc(189)] Cache is not initialized, cannot RetrieveEntry.
3월 25, 2018 21:07:15.43 [1020:11500:0325/210715.402:ERROR:in_progress_cache_impl.cc(189)] Cache is not initialized, cannot RetrieveEntry.
3월 25, 2018 21:07:15.44 [1020:11500:0325/210715.402:ERROR:in_progress_cache_impl.cc(189)] Cache is not initialized, cannot RetrieveEntry.
3월 25, 2018 21:07:15.45 [1020:11500:0325/210715.402:ERROR:in_progress_cache_impl.cc(189)] Cache is not initialized, cannot RetrieveEntry.
3월 25, 2018 21:07:15.45 [1020:11500:0325/210715.402:ERROR:in_progress_cache_impl.cc(189)] Cache is not initialized, cannot RetrieveEntry.
3월 25, 2018 21:07:15.46 [1020:11500:0325/210715.402:ERROR:in_progress_cache_impl.cc(189)] Cache is not initialized, cannot RetrieveEntry.
3월 25, 2018 21:07:15.46 [1020:11500:0325/210715.402:ERROR:in_progress_cache_impl.cc(189)] Cache is not initialized, cannot RetrieveEntry.
3월 25, 2018 21:07:15.47 [1020:11500:0325/210715.402:ERROR:in_progress_cache_impl.cc(189)] Cache is not initialized, cannot RetrieveEntry.
3월 25, 2018 21:07:15.48 [1020:11500:0325/210715.402:ERROR:in_progress_cache_impl.cc(189)] Cache is not initialized, cannot RetrieveEntry.
3월 25, 2018 21:07:15.48 [1020:11500:0325/210715.402:ERROR:in_progress_cache_impl.cc(189)] Cache is not initialized, cannot RetrieveEntry.
3월 25, 2018 21:07:15.49 [1020:11500:0325/210715.402:ERROR:in_progress_cache_impl.cc(189)] Cache is not initialized, cannot RetrieveEntry.
3월 25, 2018 21:07:15.49 [1020:11500:0325/210715.402:ERROR:in_progress_cache_impl.cc(189)] Cache is not initialized, cannot RetrieveEntry.
3월 25, 2018 21:07:15.50 [1020:11500:0325/210715.402:ERROR:in_progress_cache_impl.cc(189)] Cache is not initialized, cannot RetrieveEntry.
3월 25, 2018 21:07:15.51 [1020:11500:0325/210715.402:ERROR:in_progress_cache_impl.cc(189)] Cache is not initialized, cannot RetrieveEntry.
3월 25, 2018 21:07:15.51 [1020:11500:0325/210715.402:ERROR:in_progress_cache_impl.cc(189)] Cache is not initialized, cannot RetrieveEntry.
3월 25, 2018 21:07:15.52 [1020:11500:0325/210715.402:ERROR:in_progress_cache_impl.cc(189)] Cache is not initialized, cannot RetrieveEntry.
3월 25, 2018 21:07:15.53 [1020:11500:0325/210715.402:ERROR:in_progress_cache_impl.cc(189)] Cache is not initialized, cannot RetrieveEntry.
3월 25, 2018 21:07:15.53 [1020:11500:0325/210715.402:ERROR:in_progress_cache_impl.cc(189)] Cache is not initialized, cannot RetrieveEntry.
3월 25, 2018 21:07:15.54 [1020:11500:0325/210715.402:ERROR:in_progress_cache_impl.cc(189)] Cache is not initialized, cannot RetrieveEntry.
3월 25, 2018 21:07:15.65 [1020:11500:0325/210715.650:ERROR:gpu_process_transport_factory.cc(1019)] Lost UI shared context.
